<?xml version="1.0" encoding="UTF-8"?>
<testsuite xmlns:xsi="http://www.w3.org/2001/XMLSchema-instance" xsi:noNamespaceSchemaLocation="https://maven.apache.org/surefire/maven-surefire-plugin/xsd/surefire-test-report.xsd" version="3.0.2" name="com.microcare.appointment.service.AppointmentServiceConcurrencyTest" time="33.663" tests="5" errors="0" skipped="0" failures="0">
  <properties>
[...]
</properties>
  <testcase name="testBookSlot_WhenSlotAlreadyBooked_ShouldThrowConflict" classname="com.microcare.appointment.service.AppointmentServiceConcurrencyTest" time="0.487">
    <system-out><![CDATA[23:17:59.632 [main] INFO org.springframework.test.context.support.AnnotationConfigContextLoaderUtils -- Could not detect default configuration classes for test class [com.microcare.appointment.service.AppointmentServiceConcurrencyTest]: AppointmentServiceConcurrencyTest does not declare any static, non-private, non-final, nested classes annotated with @Configuration.
23:18:00.059 [main] INFO org.springframework.boot.test.context.SpringBootTestContextBootstrapper -- Found @SpringBootConfiguration com.microcare.appointment.AppointmentServiceApplication for test class com.microcare.appointment.service.AppointmentServiceConcurrencyTest

  .   ____          _            __ _ _
 /\\ / ___'_ __ _ _(_)_ __  __ _ \ \ \ \
( ( )\___ | '_ | '_| | '_ \/ _` | \ \ \ \
 \\/  ___)| |_)| | | | | || (_| |  ) ) ) )
  '  |____| .__|_| |_|_| |_\__, | / / / /
 =========|_|==============|___/=/_/_/_/
 :: Spring Boot ::                (v3.2.5)

2026-08-11T23:18:01.774+05:30  INFO 13620 --- [appointment-service-test] [           main] .m.a.s.AppointmentServiceConcurrencyTest : Starting AppointmentServiceConcurrencyTest using Java 26 with PID 13620 (started by pesar in D:\Project\microcare\backend\appointment-service)
2026-08-11T23:18:01.776+05:30 DEBUG 13620 --- [appointment-service-test] [           main] .m.a.s.AppointmentServiceConcurrencyTest : Running with Spring Boot v3.2.5, Spring v6.1.6
2026-08-11T23:18:01.777+05:30  INFO 13620 --- [appointment-service-test] [           main] .m.a.s.AppointmentServiceConcurrencyTest : The following 1 profile is active: "test"
2026-08-11T23:18:06.686+05:30  INFO 13620 --- [appointment-service-test] [           main] .s.d.r.c.RepositoryConfigurationDelegate : Multiple Spring Data modules found, entering strict repository configuration mode
2026-08-11T23:18:06.690+05:30  INFO 13620 --- [appointment-service-test] [           main] .s.d.r.c.RepositoryConfigurationDelegate : Bootstrapping Spring Data JPA repositories in DEFAULT mode.
2026-08-11T23:18:07.951+05:30  INFO 13620 --- [appointment-service-test] [           main] .s.d.r.c.RepositoryConfigurationDelegate : Finished Spring Data repository scanning in 1227 ms. Found 3 JPA repository interfaces.
2026-08-11T23:18:07.995+05:30  INFO 13620 --- [appointment-service-test] [           main] .s.d.r.c.RepositoryConfigurationDelegate : Multiple Spring Data modules found, entering strict repository configuration mode
2026-08-11T23:18:07.997+05:30  INFO 13620 --- [appointment-service-test] [           main] .s.d.r.c.RepositoryConfigurationDelegate : Bootstrapping Spring Data Redis repositories in DEFAULT mode.
2026-08-11T23:18:08.049+05:30  INFO 13620 --- [appointment-service-test] [           main] .RepositoryConfigurationExtensionSupport : Spring Data Redis - Could not safely identify store assignment for repository candidate interface com.microcare.appointment.repository.AppointmentRepository; If you want this repository to be a Redis repository, consider annotating your entities with one of these annotations: org.springframework.data.redis.core.RedisHash (preferred), or consider extending one of the following types with your repository: org.springframework.data.keyvalue.repository.KeyValueRepository
2026-08-11T23:18:08.050+05:30  INFO 13620 --- [appointment-service-test] [           main] .RepositoryConfigurationExtensionSupport : Spring Data Redis - Could not safely identify store assignment for repository candidate interface com.microcare.appointment.repository.DoctorSlotRepository; If you want this repository to be a Redis repository, consider annotating your entities with one of these annotations: org.springframework.data.redis.core.RedisHash (preferred), or consider extending one of the following types with your repository: org.springframework.data.keyvalue.repository.KeyValueRepository
2026-08-11T23:18:08.050+05:30  INFO 13620 --- [appointment-service-test] [           main] .RepositoryConfigurationExtensionSupport : Spring Data Redis - Could not safely identify store assignment for repository candidate interface com.microcare.appointment.repository.OutboxEventRepository; If you want this repository to be a Redis repository, consider annotating your entities with one of these annotations: org.springframework.data.redis.core.RedisHash (preferred), or consider extending one of the following types with your repository: org.springframework.data.keyvalue.repository.KeyValueRepository
2026-08-11T23:18:08.051+05:30  INFO 13620 --- [appointment-service-test] [           main] .s.d.r.c.RepositoryConfigurationDelegate : Finished Spring Data repository scanning in 23 ms. Found 0 Redis repository interfaces.
2026-08-11T23:18:09.215+05:30  INFO 13620 --- [appointment-service-test] [           main] o.s.cloud.context.scope.GenericScope     : BeanFactory id=44959ed7-49eb-3af4-9816-afdb86519bfb
2026-08-11T23:18:12.324+05:30  WARN 13620 --- [appointment-service-test] [           main] trationDelegate$BeanPostProcessorChecker : Bean 'org.springframework.cloud.client.loadbalancer.LoadBalancerAutoConfiguration$DeferringLoadBalancerInterceptorConfig' of type [org.springframework.cloud.client.loadbalancer.LoadBalancerAutoConfiguration$DeferringLoadBalancerInterceptorConfig] is not eligible for getting processed by all BeanPostProcessors (for example: not eligible for auto-proxying). The currently created BeanPostProcessor [lbRestClientPostProcessor] is declared through a non-static factory method on that class; consider declaring it as static instead.
2026-08-11T23:18:12.346+05:30  WARN 13620 --- [appointment-service-test] [           main] trationDelegate$BeanPostProcessorChecker : Bean 'deferringLoadBalancerInterceptor' of type [org.springframework.cloud.client.loadbalancer.DeferringLoadBalancerInterceptor] is not eligible for getting processed by all BeanPostProcessors (for example: not eligible for auto-proxying). Is this bean getting eagerly injected into a currently created BeanPostProcessor [lbRestClientPostProcessor]? Check the corresponding BeanPostProcessor declaration and its dependencies.
2026-08-11T23:18:13.397+05:30  INFO 13620 --- [appointment-service-test] [           main] o.hibernate.jpa.internal.util.LogHelper  : HHH000204: Processing PersistenceUnitInfo [name: default]
2026-08-11T23:18:13.572+05:30  INFO 13620 --- [appointment-service-test] [           main] org.hibernate.Version                    : HHH000412: Hibernate ORM core version 6.4.4.Final
2026-08-11T23:18:13.707+05:30  INFO 13620 --- [appointment-service-test] [           main] o.h.c.internal.RegionFactoryInitiator    : HHH000026: Second-level cache disabled
2026-08-11T23:18:13.994+05:30  INFO 13620 --- [appointment-service-test] [           main] o.s.o.j.p.SpringPersistenceUnitInfo      : No LoadTimeWeaver setup: ignoring JPA class transformer
2026-08-11T23:18:14.053+05:30  INFO 13620 --- [appointment-service-test] [           main] com.zaxxer.hikari.HikariDataSource       : HikariPool-1 - Starting...
2026-08-11T23:18:14.637+05:30  INFO 13620 --- [appointment-service-test] [           main] com.zaxxer.hikari.pool.HikariPool        : HikariPool-1 - Added connection conn0: url=jdbc:h2:mem:testdb user=SA
2026-08-11T23:18:14.647+05:30  INFO 13620 --- [appointment-service-test] [           main] com.zaxxer.hikari.HikariDataSource       : HikariPool-1 - Start completed.
2026-08-11T23:18:14.710+05:30  WARN 13620 --- [appointment-service-test] [           main] org.hibernate.orm.deprecation            : HHH90000025: H2Dialect does not need to be specified explicitly using 'hibernate.dialect' (remove the property setting and it will be selected by default)
2026-08-11T23:18:16.678+05:30  INFO 13620 --- [appointment-service-test] [           main] o.h.e.t.j.p.i.JtaPlatformInitiator       : HHH000489: No JTA platform available (set 'hibernate.transaction.jta.platform' to enable JTA platform integration)
2026-08-11T23:18:16.922+05:30  INFO 13620 --- [appointment-service-test] [           main] j.LocalContainerEntityManagerFactoryBean : Initialized JPA EntityManagerFactory for persistence unit 'default'
2026-08-11T23:18:18.697+05:30  INFO 13620 --- [appointment-service-test] [           main] o.s.d.j.r.query.QueryEnhancerFactory     : Hibernate is in classpath; If applicable, HQL parser will be used.
2026-08-11T23:18:29.441+05:30  INFO 13620 --- [appointment-service-test] [           main] DiscoveryClientOptionalArgsConfiguration : Eureka HTTP Client uses RestTemplate.
2026-08-11T23:18:29.604+05:30  WARN 13620 --- [appointment-service-test] [           main] iguration$LoadBalancerCaffeineWarnLogger : Spring Cloud LoadBalancer is currently working with the default cache. While this cache implementation is useful for development and tests, it's recommended to use Caffeine cache in production.You can switch to using Caffeine cache, by adding it and org.springframework.cache.caffeine.CaffeineCacheManager to the classpath.
2026-08-11T23:18:29.684+05:30  INFO 13620 --- [appointment-service-test] [           main] o.s.b.a.e.web.EndpointLinksResolver      : Exposing 1 endpoint(s) beneath base path '/actuator'
2026-08-11T23:18:30.056+05:30  INFO 13620 --- [appointment-service-test] [           main] .m.a.s.AppointmentServiceConcurrencyTest : Started AppointmentServiceConcurrencyTest in 29.514 seconds (process running for 33.053)
2026-08-11T23:18:30.656+05:30  INFO 13620 --- [appointment-service-test] [           main] c.m.a.service.AppointmentService         : Appointment successfully booked: id=1, slotId=1, patientId=1
2026-08-11T23:18:30.727+05:30 DEBUG 13620 --- [appointment-service-test] [           main] c.m.a.service.AppointmentService         : Outbox event written: aggregateType=appointment, aggregateId=1, eventType=APPOINTMENT_CONFIRMED
]]></system-out>
    <system-err><![CDATA[WARNING: A Java agent has been loaded dynamically (C:\Users\pesar\.m2\repository\net\bytebuddy\byte-buddy-agent\1.14.13\byte-buddy-agent-1.14.13.jar)
WARNING: If a serviceability tool is in use, please run with -XX:+EnableDynamicAgentLoading to hide this warning
WARNING: If a serviceability tool is not in use, please run with -Djdk.instrument.traceUsage for more information
WARNING: Dynamic loading of agents will be disallowed by default in a future release
]]></system-err>
  </testcase>
  <testcase name="testConcurrentBookingWithSamePatientId_OnlyOneShouldSucceed" classname="com.microcare.appointment.service.AppointmentServiceConcurrencyTest" time="1.05">
    <system-out><![CDATA[2026-08-11T23:18:30.904+05:30  INFO 13620 --- [appointment-service-test] [pool-4-thread-1] c.m.a.service.AppointmentService         : Appointment successfully booked: id=2, slotId=2, patientId=1
2026-08-11T23:18:30.908+05:30 DEBUG 13620 --- [appointment-service-test] [pool-4-thread-1] c.m.a.service.AppointmentService         : Outbox event written: aggregateType=appointment, aggregateId=2, eventType=APPOINTMENT_CONFIRMED
]]></system-out>
  </testcase>
  <testcase name="testConcurrentBooking_OnlyOneShouldSucceed" classname="com.microcare.appointment.service.AppointmentServiceConcurrencyTest" time="0.747">
    <system-out><![CDATA[2026-08-11T23:18:31.913+05:30  INFO 13620 --- [appointment-service-test] [pool-5-thread-4] c.m.a.service.AppointmentService         : Appointment successfully booked: id=3, slotId=3, patientId=103
2026-08-11T23:18:31.915+05:30 DEBUG 13620 --- [appointment-service-test] [pool-5-thread-4] c.m.a.service.AppointmentService         : Outbox event written: aggregateType=appointment, aggregateId=3, eventType=APPOINTMENT_CONFIRMED
Thread pool-5-thread-4: SUCCESS - Appointment 3 booked for patient 103
2026-08-11T23:18:31.948+05:30  WARN 13620 --- [appointment-service-test] [pool-5-thread-1] c.m.a.service.AppointmentService         : Optimistic lock failure for slot 3 (attempt 1/3): Row was updated or deleted by another transaction (or unsaved-value mapping was incorrect) : [com.microcare.appointment.entity.DoctorSlot#3]
Thread pool-5-thread-9: CONFLICT - Slot with ID '3' is not available for booking
Thread pool-5-thread-12: CONFLICT - Slot with ID '3' is not available for booking
Thread pool-5-thread-7: CONFLICT - Slot with ID '3' is not available for booking
Thread pool-5-thread-2: CONFLICT - Slot with ID '3' is not available for booking
Thread pool-5-thread-8: CONFLICT - Slot with ID '3' is not available for booking
Thread pool-5-thread-6: CONFLICT - Slot with ID '3' is not available for booking
Thread pool-5-thread-5: CONFLICT - Slot with ID '3' is not available for booking
Thread pool-5-thread-3: CONFLICT - Slot with ID '3' is not available for booking
Thread pool-5-thread-10: CONFLICT - Slot with ID '3' is not available for booking
2026-08-11T23:18:32.238+05:30  WARN 13620 --- [appointment-service-test] [pool-5-thread-1] c.m.a.service.AppointmentService         : Optimistic lock failure for slot 3 (attempt 2/3): Row was updated or deleted by another transaction (or unsaved-value mapping was incorrect) : [com.microcare.appointment.entity.DoctorSlot#3]
Thread pool-5-thread-11: CONFLICT - Slot with ID '3' is not available for booking
Thread pool-5-thread-13: CONFLICT - Slot with ID '3' is not available for booking
Thread pool-5-thread-14: CONFLICT - Slot with ID '3' is not available for booking
Thread pool-5-thread-15: CONFLICT - Slot with ID '3' is not available for booking
Thread pool-5-thread-16: CONFLICT - Slot with ID '3' is not available for booking
Thread pool-5-thread-17: CONFLICT - Slot with ID '3' is not available for booking
Thread pool-5-thread-18: CONFLICT - Slot with ID '3' is not available for booking
Thread pool-5-thread-19: CONFLICT - Slot with ID '3' is not available for booking
Thread pool-5-thread-20: CONFLICT - Slot with ID '3' is not available for booking
2026-08-11T23:18:32.569+05:30  WARN 13620 --- [appointment-service-test] [pool-5-thread-1] c.m.a.service.AppointmentService         : Optimistic lock failure for slot 3 (attempt 3/3): Row was updated or deleted by another transaction (or unsaved-value mapping was incorrect) : [com.microcare.appointment.entity.DoctorSlot#3]
2026-08-11T23:18:32.577+05:30 ERROR 13620 --- [appointment-service-test] [pool-5-thread-1] c.m.a.service.AppointmentService         : All 3 retry attempts exhausted for slot 3
Thread pool-5-thread-1: CONFLICT - Concurrent booking conflict for slot ID '3'. Please try again.
]]></system-out>
  </testcase>
  <testcase name="testBookThenReschedule_ShouldSucceed" classname="com.microcare.appointment.service.AppointmentServiceConcurrencyTest" time="0.183">
    <system-out><![CDATA[2026-08-11T23:18:32.714+05:30  INFO 13620 --- [appointment-service-test] [           main] c.m.a.service.AppointmentService         : Appointment successfully booked: id=4, slotId=4, patientId=1
2026-08-11T23:18:32.719+05:30 DEBUG 13620 --- [appointment-service-test] [           main] c.m.a.service.AppointmentService         : Outbox event written: aggregateType=appointment, aggregateId=4, eventType=APPOINTMENT_CONFIRMED
2026-08-11T23:18:32.784+05:30  INFO 13620 --- [appointment-service-test] [           main] c.m.a.service.AppointmentService         : Appointment rescheduled: id=4, oldSlotId=4, newSlotId=5
]]></system-out>
  </testcase>
  <testcase name="testBookThenCancel_ShouldSucceed" classname="com.microcare.appointment.service.AppointmentServiceConcurrencyTest" time="0.114">
    <system-out><![CDATA[2026-08-11T23:18:32.843+05:30  INFO 13620 --- [appointment-service-test] [           main] c.m.a.service.AppointmentService         : Appointment successfully booked: id=5, slotId=6, patientId=1
2026-08-11T23:18:32.845+05:30 DEBUG 13620 --- [appointment-service-test] [           main] c.m.a.service.AppointmentService         : Outbox event written: aggregateType=appointment, aggregateId=5, eventType=APPOINTMENT_CONFIRMED
2026-08-11T23:18:32.885+05:30  INFO 13620 --- [appointment-service-test] [           main] c.m.a.service.AppointmentService         : Appointment cancelled: id=5, slotId=6
]]></system-out>
  </testcase>
</testsuite>